<?xml version="1.0" encoding="UTF-8"?>
<robot generator="Robot 3.1.2 (Python 3.6.5 on win32)" generated="20200407 10:16:54.767" rpa="false">
<suite id="s1" name="Login" source="D:\工作文件\处处有码\API\tc\空白数据\登录\login.robot">
<test id="s1-t1" name="正确的手机号和密码-api00001">
<kw name="Login" library="pylib.API.Api_web">
<arguments>
<arg>13262849250</arg>
<arg>test123456</arg>
</arguments>
<assign>
<var>${user}</var>
</assign>
<msg timestamp="20200407 10:16:54.996" level="INFO">${user} = {'result': {'phone': '13262849250', 'token': 'eyJhbGciOiJIUzI1NiIsInR5cCI6IkpXVCJ9.eyJodHRwOi8vc2NoZW1hcy54bWxzb2FwLm9yZy93cy8yMDA1LzA1L2lkZW50aXR5L2NsYWltcy9zaWQiOiI3IiwiaHR0cDovL3NjaGVtYXMueG1sc29hc...</msg>
<status status="PASS" starttime="20200407 10:16:54.889" endtime="20200407 10:16:54.996"></status>
</kw>
<kw name="Should Be True" library="BuiltIn">
<doc>Fails if the given condition is not true.</doc>
<arguments>
<arg>$user["result"]["phone"]=="13262849250"</arg>
</arguments>
<status status="PASS" starttime="20200407 10:16:54.998" endtime="20200407 10:16:55.036"></status>
</kw>
<doc>输入正常的手机号和密码</doc>
<tags>
<tag>冒烟测试</tag>
</tags>
<status status="PASS" starttime="20200407 10:16:54.886" endtime="20200407 10:16:55.037" critical="yes"></status>
</test>
<test id="s1-t2" name="手机号为中文-api00002">
<kw name="Login" library="pylib.API.Api_web">
<arguments>
<arg>中国加油</arg>
<arg>test123456</arg>
</arguments>
<assign>
<var>${user}</var>
</assign>
<msg timestamp="20200407 10:16:55.156" level="INFO">${user} = {'result': None, 'code': 300, 'message': '该用户不存在，请注册'}</msg>
<status status="PASS" starttime="20200407 10:16:55.049" endtime="20200407 10:16:55.157"></status>
</kw>
<kw name="Should Be True" library="BuiltIn">
<doc>Fails if the given condition is not true.</doc>
<arguments>
<arg>$user["code"]==300</arg>
</arguments>
<status status="PASS" starttime="20200407 10:16:55.159" endtime="20200407 10:16:55.163"></status>
</kw>
<doc>手机号为中文</doc>
<status status="PASS" starttime="20200407 10:16:55.041" endtime="20200407 10:16:55.164" critical="yes"></status>
</test>
<test id="s1-t3" name="手机号为特殊字符-api00003">
<kw name="Login" library="pylib.API.Api_web">
<arguments>
<arg>￥%%…………&amp;</arg>
<arg>test123456</arg>
</arguments>
<assign>
<var>${user}</var>
</assign>
<msg timestamp="20200407 10:16:55.264" level="INFO">${user} = {'result': None, 'code': 300, 'message': '该用户不存在，请注册'}</msg>
<status status="PASS" starttime="20200407 10:16:55.184" endtime="20200407 10:16:55.264"></status>
</kw>
<kw name="Should Be True" library="BuiltIn">
<doc>Fails if the given condition is not true.</doc>
<arguments>
<arg>$user["code"]==300</arg>
</arguments>
<status status="PASS" starttime="20200407 10:16:55.265" endtime="20200407 10:16:55.267"></status>
</kw>
<doc>手机号为特殊字符</doc>
<status status="PASS" starttime="20200407 10:16:55.172" endtime="20200407 10:16:55.268" critical="yes"></status>
</test>
<status status="PASS" starttime="20200407 10:16:54.769" endtime="20200407 10:16:55.272"></status>
</suite>
<statistics>
<total>
<stat pass="3" fail="0">Critical Tests</stat>
<stat pass="3" fail="0">All Tests</stat>
</total>
<tag>
<stat pass="1" fail="0">冒烟测试</stat>
</tag>
<suite>
<stat pass="3" fail="0" id="s1" name="Login">Login</stat>
</suite>
</statistics>
<errors>
<msg timestamp="20200407 10:16:54.760" level="WARN">Collapsing consecutive whitespace during parsing is deprecated. Fix ' #' in file 'D:\工作文件\处处有码\API\tc\空白数据\登录\login.robot' on line 13.</msg>
<msg timestamp="20200407 10:16:54.761" level="WARN">Collapsing consecutive whitespace during parsing is deprecated. Fix ' #' in file 'D:\工作文件\处处有码\API\tc\空白数据\登录\login.robot' on line 19.</msg>
</errors>
</robot>
