<?xml version="1.0" encoding="UTF-8"?>
<robot generator="Robot 3.1.2 (Python 3.6.5 on win32)" generated="20200408 18:09:25.987" rpa="false">
<suite id="s1" name="活码管理" source="D:\工作文件\处处有码\API\tc\空白数据\活码管理\活码管理.robot">
<test id="s1-t1" name="创建一个群聊码----api000011">
<kw name="Run Keywords" library="BuiltIn" type="setup">
<doc>Executes all the given keywords in a sequence.</doc>
<arguments>
<arg>login</arg>
<arg>13774351025</arg>
<arg>test123456</arg>
<arg>AND</arg>
<arg>delete_all_code</arg>
</arguments>
<kw name="Login" library="pylib.API.Api_web">
<arguments>
<arg>13774351025</arg>
<arg>test123456</arg>
</arguments>
<status status="PASS" starttime="20200408 18:09:26.112" endtime="20200408 18:09:26.146"></status>
</kw>
<kw name="Delete All Code" library="pylib.API.Api_web">
<status status="PASS" starttime="20200408 18:09:26.146" endtime="20200408 18:09:26.168"></status>
</kw>
<status status="PASS" starttime="20200408 18:09:26.112" endtime="20200408 18:09:26.168"></status>
</kw>
<kw name="Create Admin Code" library="pylib.API.Api_web">
<arguments>
<arg>-1</arg>
<arg>0</arg>
<arg>我在用创建活码，能成功吗11</arg>
<arg>0</arg>
<arg>2020-03-29</arg>
<arg>${dict}</arg>
</arguments>
<assign>
<var>${beforecodelist}</var>
</assign>
<msg timestamp="20200408 18:09:26.178" level="INFO">${beforecodelist} = {'type': 'https://tools.ietf.org/html/rfc7231#section-6.5.1', 'title': 'One or more validation errors occurred.', 'status': 400, 'traceId': '|489309d4-470e9ca3f2125c4c.', 'errors': {'$.Id': ['The JSON...</msg>
<status status="PASS" starttime="20200408 18:09:26.169" endtime="20200408 18:09:26.179"></status>
</kw>
<kw name="Should Be True" library="BuiltIn">
<doc>Fails if the given condition is not true.</doc>
<arguments>
<arg>$beforecodelist["code"]==200</arg>
</arguments>
<msg timestamp="20200408 18:09:26.186" level="FAIL">Evaluating expression 'RF_VAR_beforecodelist ["code"]==200' failed: KeyError: 'code'</msg>
<status status="FAIL" starttime="20200408 18:09:26.179" endtime="20200408 18:09:26.186"></status>
</kw>
<kw name="Deletecode" library="pylib.API.Api_web" type="teardown">
<arguments>
<arg>${beforecodelist}[result][id]</arg>
</arguments>
<msg timestamp="20200408 18:09:26.187" level="FAIL">Dictionary '${beforecodelist}' has no key 'result'.</msg>
<status status="FAIL" starttime="20200408 18:09:26.187" endtime="20200408 18:09:26.187">Dictionary '${beforecodelist}' has no key 'result'.</status>
</kw>
<doc>创建一个群聊码</doc>
<tags>
<tag>冒烟测试</tag>
</tags>
<status status="FAIL" starttime="20200408 18:09:26.108" endtime="20200408 18:09:26.188" critical="yes">Evaluating expression 'RF_VAR_beforecodelist ["code"]==200' failed: KeyError: 'code'

Also teardown failed:
Dictionary '${beforecodelist}' has no key 'result'.</status>
</test>
<status status="FAIL" starttime="20200408 18:09:25.989" endtime="20200408 18:09:26.191"></status>
</suite>
<statistics>
<total>
<stat pass="0" fail="1">Critical Tests</stat>
<stat pass="0" fail="1">All Tests</stat>
</total>
<tag>
<stat pass="0" fail="1">冒烟测试</stat>
</tag>
<suite>
<stat pass="0" fail="1" id="s1" name="活码管理">活码管理</stat>
</suite>
</statistics>
<errors>
</errors>
</robot>
